<?xml version="1.0" encoding="UTF-8"?>
<!-- Generated by org.testng.reporters.JUnitReportReporter -->
<testsuite skipped="0" hostname="XE-T-MANISH22" name="example.firstTestCase" tests="1" failures="0" timestamp="17 Apr 2018 07:12:24 GMT" time="5.916" errors="0">
  <testcase name="testEasy" time="5.916" classname="example.firstTestCase"/>
</testsuite> <!-- example.firstTestCase -->
