<?xml version="1.0" encoding="UTF-8"?>
<!-- Generated by org.testng.reporters.JUnitReportReporter -->
<testsuite skipped="0" hostname="XE-T-MANISH22" name="JavaAutomationPrj.JavaAutomation.AppTest" tests="1" failures="0" timestamp="17 Apr 2018 07:12:24 GMT" time="0.001" errors="0">
  <testcase name="testApp" time="0.001" classname="JavaAutomationPrj.JavaAutomation.AppTest"/>
</testsuite> <!-- JavaAutomationPrj.JavaAutomation.AppTest -->
