<?xml version="1.0" encoding="UTF-8"?>
<!-- Generated by org.testng.reporters.JUnitReportReporter -->
<testsuite skipped="0" hostname="XE-T-MANISH22" name="example.secondTestCase" tests="2" failures="0" timestamp="20 Apr 2018 06:34:56 GMT" time="8.589" errors="0">
  <testcase name="testTitle" time="0.060" classname="example.secondTestCase"/>
  <testcase name="testHoverOverElement" time="8.529" classname="example.secondTestCase"/>
</testsuite> <!-- example.secondTestCase -->
