<?xml version="1.0" encoding="UTF-8"?>
<!-- Generated by org.testng.reporters.JUnitReportReporter -->
<testsuite skipped="0" hostname="XE-T-MANISH22" name="example.firstTestCase" tests="2" failures="0" timestamp="20 Apr 2018 06:34:56 GMT" time="6.448" errors="0">
  <testcase name="testTitle" time="0.084" classname="example.firstTestCase"/>
  <testcase name="testHoverOverElement" time="6.364" classname="example.firstTestCase"/>
</testsuite> <!-- example.firstTestCase -->
